-encoding
UTF-8
-outxml
-source
1.7
-target
1.7
-classpath
/home/sirine/.m2/repository/antlr/antlr/2.7.6/antlr-2.7.6.jar:/home/sirine/.m2/repository/aopalliance/aopalliance/1.0/aopalliance-1.0.jar:/home/sirine/.m2/repository/bouncycastle/bcmail-jdk14/138/bcmail-jdk14-138.jar:/home/sirine/.m2/repository/bouncycastle/bcprov-jdk14/138/bcprov-jdk14-138.jar:/home/sirine/.m2/repository/cglib/cglib-nodep/2.2.2/cglib-nodep-2.2.2.jar:/home/sirine/workspace/janjoon/janjoon-domain/target/janjoon-domain-0.2-BUILD_NUMBER.jar:/home/sirine/.m2/repository/com/lowagie/itext/2.1.7/itext-2.1.7.jar:/home/sirine/.m2/repository/commons-beanutils/commons-beanutils/1.8.3/commons-beanutils-1.8.3.jar:/home/sirine/.m2/repository/commons-codec/commons-codec/1.6/commons-codec-1.6.jar:/home/sirine/.m2/repository/commons-collections/commons-collections/3.2/commons-collections-3.2.jar:/home/sirine/.m2/repository/commons-dbcp/commons-dbcp/1.3/commons-dbcp-1.3.jar:/home/sirine/.m2/repository/commons-digester/commons-digester/1.8/commons-digester-1.8.jar:/home/sirine/.m2/repository/commons-fileupload/commons-fileupload/1.2.2/commons-fileupload-1.2.2.jar:/home/sirine/.m2/repository/commons-io/commons-io/2.1/commons-io-2.1.jar:/home/sirine/.m2/repository/commons-pool/commons-pool/1.5.6/commons-pool-1.5.6.jar:/home/sirine/.m2/repository/dom4j/dom4j/1.6.1/dom4j-1.6.1.jar:/home/sirine/.m2/repository/javassist/javassist/3.12.0.GA/javassist-3.12.0.GA.jar:/home/sirine/.m2/repository/javax/activation/activation/1.1.1/activation-1.1.1.jar:/home/sirine/.m2/repository/javax/el/el-api/2.2/el-api-2.2.jar:/home/sirine/.m2/repository/javax/mail/mail/1.4.1/mail-1.4.1.jar:/home/sirine/.m2/repository/javax/servlet/servlet-api/2.5/servlet-api-2.5.jar:/home/sirine/.m2/repository/javax/transaction/jta/1.1/jta-1.1.jar:/home/sirine/.m2/repository/javax/validation/validation-api/1.0.0.GA/validation-api-1.0.0.GA.jar:/home/sirine/.m2/repository/junit/junit/4.10/junit-4.10.jar:/home/sirine/.m2/repository/junit/junit-dep/4.8.2/junit-dep-4.8.2.jar:/home/sirine/.m2/repository/log4j/log4j/1.2.16/log4j-1.2.16.jar:/home/sirine/.m2/repository/net/sf/flexjson/flexjson/2.1/flexjson-2.1.jar:/home/sirine/.m2/repository/org/apache/commons/commons-lang3/3.1/commons-lang3-3.1.jar:/home/sirine/.m2/repository/org/apache/myfaces/core/myfaces-api/2.1.7/myfaces-api-2.1.7.jar:/home/sirine/.m2/repository/org/apache/myfaces/core/myfaces-impl/2.1.7/myfaces-impl-2.1.7.jar:/home/sirine/.m2/repository/org/apache/poi/poi/3.9/poi-3.9.jar:/home/sirine/.m2/repository/org/apache/poi/poi-ooxml/3.9/poi-ooxml-3.9.jar:/home/sirine/.m2/repository/org/apache/poi/poi-ooxml-schemas/3.9/poi-ooxml-schemas-3.9.jar:/home/sirine/.m2/repository/org/apache/xmlbeans/xmlbeans/2.3.0/xmlbeans-2.3.0.jar:/home/sirine/.m2/repository/org/aspectj/aspectjrt/1.7.2/aspectjrt-1.7.2.jar:/home/sirine/.m2/repository/org/aspectj/aspectjweaver/1.7.2/aspectjweaver-1.7.2.jar:/home/sirine/.m2/repository/org/bouncycastle/bcmail-jdk14/1.38/bcmail-jdk14-1.38.jar:/home/sirine/.m2/repository/org/bouncycastle/bcprov-jdk14/1.38/bcprov-jdk14-1.38.jar:/home/sirine/.m2/repository/org/bouncycastle/bctsp-jdk14/1.38/bctsp-jdk14-1.38.jar:/home/sirine/.m2/repository/org/hamcrest/hamcrest-core/1.1/hamcrest-core-1.1.jar:/home/sirine/.m2/repository/org/hibernate/hibernate-commons-annotations/3.2.0.Final/hibernate-commons-annotations-3.2.0.Final.jar:/home/sirine/.m2/repository/org/hibernate/hibernate-core/3.6.9.Final/hibernate-core-3.6.9.Final.jar:/home/sirine/.m2/repository/org/hibernate/hibernate-entitymanager/3.6.9.Final/hibernate-entitymanager-3.6.9.Final.jar:/home/sirine/.m2/repository/org/hibernate/hibernate-validator/4.2.0.Final/hibernate-validator-4.2.0.Final.jar:/home/sirine/.m2/repository/org/hibernate/javax/persistence/hibernate-jpa-2.0-api/1.0.1.Final/hibernate-jpa-2.0-api-1.0.1.Final.jar:/home/sirine/.m2/repository/org/hsqldb/hsqldb/1.8.0.10/hsqldb-1.8.0.10.jar:/home/sirine/.m2/repository/org/primefaces/primefaces/4.0/primefaces-4.0.jar:/home/sirine/.m2/repository/org/primefaces/themes/all-themes/1.0.10/all-themes-1.0.10.jar:/home/sirine/.m2/repository/org/slf4j/jcl-over-slf4j/1.7.5/jcl-over-slf4j-1.7.5.jar:/home/sirine/.m2/repository/org/slf4j/slf4j-api/1.7.5/slf4j-api-1.7.5.jar:/home/sirine/.m2/repository/org/slf4j/slf4j-log4j12/1.7.5/slf4j-log4j12-1.7.5.jar:/home/sirine/.m2/repository/org/springframework/spring-aop/3.1.4.RELEASE/spring-aop-3.1.4.RELEASE.jar:/home/sirine/.m2/repository/org/springframework/spring-asm/3.1.4.RELEASE/spring-asm-3.1.4.RELEASE.jar:/home/sirine/.m2/repository/org/springframework/spring-aspects/3.1.4.RELEASE/spring-aspects-3.1.4.RELEASE.jar:/home/sirine/.m2/repository/org/springframework/spring-beans/3.1.4.RELEASE/spring-beans-3.1.4.RELEASE.jar:/home/sirine/.m2/repository/org/springframework/spring-context/3.1.4.RELEASE/spring-context-3.1.4.RELEASE.jar:/home/sirine/.m2/repository/org/springframework/spring-context-support/3.1.4.RELEASE/spring-context-support-3.1.4.RELEASE.jar:/home/sirine/.m2/repository/org/springframework/spring-core/3.1.4.RELEASE/spring-core-3.1.4.RELEASE.jar:/home/sirine/.m2/repository/org/springframework/spring-expression/3.1.4.RELEASE/spring-expression-3.1.4.RELEASE.jar:/home/sirine/.m2/repository/org/springframework/spring-jdbc/3.0.7.RELEASE/spring-jdbc-3.0.7.RELEASE.jar:/home/sirine/.m2/repository/org/springframework/spring-orm/3.1.4.RELEASE/spring-orm-3.1.4.RELEASE.jar:/home/sirine/.m2/repository/org/springframework/spring-test/3.1.4.RELEASE/spring-test-3.1.4.RELEASE.jar:/home/sirine/.m2/repository/org/springframework/spring-tx/3.0.7.RELEASE/spring-tx-3.0.7.RELEASE.jar:/home/sirine/.m2/repository/org/springframework/spring-web/3.1.4.RELEASE/spring-web-3.1.4.RELEASE.jar:/home/sirine/.m2/repository/org/springframework/data/spring-data-commons-core/1.3.0.RELEASE/spring-data-commons-core-1.3.0.RELEASE.jar:/home/sirine/.m2/repository/org/springframework/data/spring-data-jpa/1.1.0.RELEASE/spring-data-jpa-1.1.0.RELEASE.jar:/home/sirine/.m2/repository/org/springframework/roo/org.springframework.roo.annotations/1.2.4.RELEASE/org.springframework.roo.annotations-1.2.4.RELEASE.jar:/home/sirine/.m2/repository/org/springframework/security/spring-security-config/3.1.4.RELEASE/spring-security-config-3.1.4.RELEASE.jar:/home/sirine/.m2/repository/org/springframework/security/spring-security-core/3.1.4.RELEASE/spring-security-core-3.1.4.RELEASE.jar:/home/sirine/.m2/repository/org/springframework/security/spring-security-web/3.1.4.RELEASE/spring-security-web-3.1.4.RELEASE.jar:/home/sirine/.m2/repository/stax/stax-api/1.0.1/stax-api-1.0.1.jar:/home/sirine/.m2/repository/xml-apis/xml-apis/1.0.b2/xml-apis-1.0.b2.jar:/home/sirine/workspace/janjoon/janjoon-ui/target/classes
-aspectpath
/home/sirine/.m2/repository/org/springframework/spring-aspects/3.1.4.RELEASE/spring-aspects-3.1.4.RELEASE.jar
-d
/home/sirine/workspace/janjoon/janjoon-ui/target/classes
/home/sirine/workspace/janjoon/janjoon-ui/src/main/java/com/funder/janjoonweb/ui/mb/converter/JJChapterConverter.java
/home/sirine/workspace/janjoon/janjoon-ui/src/main/java/com/funder/janjoonweb/ui/mb/JJRightBean_Roo_Serializable.aj
/home/sirine/workspace/janjoon/janjoon-ui/src/main/java/com/funder/janjoonweb/ui/mb/JJPhaseBean_Roo_Serializable.aj
/home/sirine/workspace/janjoon/janjoon-ui/src/main/java/com/funder/janjoonweb/ui/mb/JJPhaseBean_Roo_ManagedBean.aj
/home/sirine/workspace/janjoon/janjoon-ui/src/main/java/com/funder/janjoonweb/ui/mb/ApplicationBean.java
/home/sirine/workspace/janjoon/janjoon-ui/src/main/java/com/funder/janjoonweb/ui/mb/JJJobBean_Roo_Serializable.aj
/home/sirine/workspace/janjoon/janjoon-ui/src/main/java/com/funder/janjoonweb/ui/mb/JJTaskBean_Roo_Configurable.aj
/home/sirine/workspace/janjoon/janjoon-ui/src/main/java/com/funder/janjoonweb/ui/mb/JJPermissionBean_Roo_Configurable.aj
/home/sirine/workspace/janjoon/janjoon-ui/src/main/java/com/funder/janjoonweb/ui/mb/util/ViewExpiredExceptionExceptionHandlerFactory.java
/home/sirine/workspace/janjoon/janjoon-ui/src/main/java/com/funder/janjoonweb/ui/mb/JJRequirementBean.java
/home/sirine/workspace/janjoon/janjoon-ui/src/main/java/com/funder/janjoonweb/ui/mb/JJRightBean_Roo_Configurable.aj
/home/sirine/workspace/janjoon/janjoon-ui/src/main/java/com/funder/janjoonweb/ui/mb/converter/JJImportanceConverter_Roo_Converter.aj
/home/sirine/workspace/janjoon/janjoon-ui/src/main/java/org/primefaces/examples/view/FormBean.java
/home/sirine/workspace/janjoon/janjoon-ui/src/main/java/org/primefaces/examples/domain/Requirement.java
/home/sirine/workspace/janjoon/janjoon-ui/src/main/java/com/funder/janjoonweb/ui/mb/JJConfigurationBean_Roo_ManagedBean.aj
/home/sirine/workspace/janjoon/janjoon-ui/src/main/java/com/funder/janjoonweb/ui/mb/JJStatusBean_Roo_ManagedBean.aj
/home/sirine/workspace/janjoon/janjoon-ui/src/main/java/com/funder/janjoonweb/ui/mb/JJImportanceBean_Roo_ManagedBean.aj
/home/sirine/workspace/janjoon/janjoon-ui/src/main/java/com/funder/janjoonweb/ui/mb/JJImportanceBean_Roo_Configurable.aj
/home/sirine/workspace/janjoon/janjoon-ui/src/main/java/com/funder/janjoonweb/ui/mb/JJHardwareBean.java
/home/sirine/workspace/janjoon/janjoon-ui/src/main/java/com/funder/janjoonweb/ui/mb/converter/JJPhaseConverter_Roo_Converter.aj
/home/sirine/workspace/janjoon/janjoon-ui/src/main/java/com/funder/janjoonweb/ui/mb/JJBugBean_Roo_Serializable.aj
/home/sirine/workspace/janjoon/janjoon-ui/src/main/java/com/funder/janjoonweb/ui/mb/converter/JJJobConverter.java
/home/sirine/workspace/janjoon/janjoon-ui/src/main/java/org/primefaces/examples/view/PickListBean.java
/home/sirine/workspace/janjoon/janjoon-ui/src/main/java/com/funder/janjoonweb/ui/mb/converter/JJPhaseConverter_Roo_Configurable.aj
/home/sirine/workspace/janjoon/janjoon-ui/src/main/java/com/funder/janjoonweb/ui/mb/converter/JJSoftwareConverter_Roo_Converter.aj
/home/sirine/workspace/janjoon/janjoon-ui/src/main/java/com/funder/janjoonweb/ui/mb/converter/JJRightConverter.java
/home/sirine/workspace/janjoon/janjoon-ui/src/main/java/com/funder/janjoonweb/ui/mb/converter/JJTestcaseexecutionConverter_Roo_Configurable.aj
/home/sirine/workspace/janjoon/janjoon-ui/src/main/java/com/funder/janjoonweb/ui/mb/JJProfileBean.java
/home/sirine/workspace/janjoon/janjoon-ui/src/main/java/org/primefaces/examples/domain/Document.java
/home/sirine/workspace/janjoon/janjoon-ui/src/main/java/com/funder/janjoonweb/ui/mb/JJSoftwareBean.java
/home/sirine/workspace/janjoon/janjoon-ui/src/main/java/com/funder/janjoonweb/ui/mb/JJSprintBean_Roo_ManagedBean.aj
/home/sirine/workspace/janjoon/janjoon-ui/src/main/java/com/funder/janjoonweb/ui/mb/converter/JJProfileConverter_Roo_Configurable.aj
/home/sirine/workspace/janjoon/janjoon-ui/src/main/java/org/primefaces/examples/view/ReqTechnicalBean.java
/home/sirine/workspace/janjoon/janjoon-ui/src/main/java/com/funder/janjoonweb/ui/mb/JJBuildBean.java
/home/sirine/workspace/janjoon/janjoon-ui/src/main/java/com/funder/janjoonweb/ui/mb/JJContactBean.java
/home/sirine/workspace/janjoon/janjoon-ui/src/main/java/com/funder/janjoonweb/ui/mb/JJCriticityBean.java
/home/sirine/workspace/janjoon/janjoon-ui/src/main/java/com/funder/janjoonweb/ui/mb/converter/JJRequirementConverter_Roo_Converter.aj
/home/sirine/workspace/janjoon/janjoon-ui/src/main/java/com/funder/janjoonweb/ui/mb/JJTeststepBean_Roo_Configurable.aj
/home/sirine/workspace/janjoon/janjoon-ui/src/main/java/com/funder/janjoonweb/ui/mb/converter/JJConfigurationConverter.java
/home/sirine/workspace/janjoon/janjoon-ui/src/main/java/com/funder/janjoonweb/ui/mb/converter/JJBugConverter_Roo_Converter.aj
/home/sirine/workspace/janjoon/janjoon-ui/src/main/java/com/funder/janjoonweb/ui/mb/JJConfigurationBean_Roo_Configurable.aj
/home/sirine/workspace/janjoon/janjoon-ui/src/main/java/com/funder/janjoonweb/ui/mb/converter/JJPermissionConverter.java
/home/sirine/workspace/janjoon/janjoon-ui/src/main/java/com/funder/janjoonweb/ui/mb/converter/JJImportanceConverter_Roo_Configurable.aj
/home/sirine/workspace/janjoon/janjoon-ui/src/main/java/com/funder/janjoonweb/ui/mb/util/LocaleBean.java
/home/sirine/workspace/janjoon/janjoon-ui/src/main/java/com/funder/janjoonweb/ui/mb/JJRightBean.java
/home/sirine/workspace/janjoon/janjoon-ui/src/main/java/com/funder/janjoonweb/ui/mb/converter/JJRequirementConverter.java
/home/sirine/workspace/janjoon/janjoon-ui/src/main/java/com/funder/janjoonweb/ui/mb/JJProductBean_Roo_Configurable.aj
/home/sirine/workspace/janjoon/janjoon-ui/src/main/java/com/funder/janjoonweb/ui/mb/JJPermissionBean_Roo_Serializable.aj
/home/sirine/workspace/janjoon/janjoon-ui/src/main/java/org/primefaces/examples/view/ReqFunctionalBean.java
/home/sirine/workspace/janjoon/janjoon-ui/src/main/java/com/funder/janjoonweb/ui/mb/JJTestcaseBean_Roo_ManagedBean.aj
/home/sirine/workspace/janjoon/janjoon-ui/src/main/java/com/funder/janjoonweb/ui/mb/converter/JJSoftwareConverter_Roo_Configurable.aj
/home/sirine/workspace/janjoon/janjoon-ui/src/main/java/com/funder/janjoonweb/ui/mb/converter/JJMessageConverter.java
/home/sirine/workspace/janjoon/janjoon-ui/src/main/java/com/funder/janjoonweb/ui/mb/JJProfileBean_Roo_Configurable.aj
/home/sirine/workspace/janjoon/janjoon-ui/src/main/java/com/funder/janjoonweb/ui/mb/converter/JJMessageConverter_Roo_Configurable.aj
/home/sirine/workspace/janjoon/janjoon-ui/src/main/java/com/funder/janjoonweb/ui/mb/converter/JJJobConverter_Roo_Converter.aj
/home/sirine/workspace/janjoon/janjoon-ui/src/main/java/org/primefaces/examples/view/ProjectConverter.java
/home/sirine/workspace/janjoon/janjoon-ui/src/main/java/com/funder/janjoonweb/ui/mb/JJTeststepBean_Roo_Serializable.aj
/home/sirine/workspace/janjoon/janjoon-ui/src/main/java/com/funder/janjoonweb/ui/mb/JJTaskBean_Roo_ManagedBean.aj
/home/sirine/workspace/janjoon/janjoon-ui/src/main/java/com/funder/janjoonweb/ui/mb/JJHardwareBean_Roo_ManagedBean.aj
/home/sirine/workspace/janjoon/janjoon-ui/src/main/java/com/funder/janjoonweb/ui/mb/JJTeststepexecutionBean.java
/home/sirine/workspace/janjoon/janjoon-ui/src/main/java/com/funder/janjoonweb/ui/mb/converter/JJBuildConverter_Roo_Converter.aj
/home/sirine/workspace/janjoon/janjoon-ui/src/main/java/org/primefaces/examples/view/ScheduleController.java
/home/sirine/workspace/janjoon/janjoon-ui/src/main/java/org/primefaces/examples/view/ResizeBean.java
/home/sirine/workspace/janjoon/janjoon-ui/src/main/java/com/funder/janjoonweb/ui/mb/JJTeststepexecutionBean_Roo_ManagedBean.aj
/home/sirine/workspace/janjoon/janjoon-ui/src/main/java/com/funder/janjoonweb/ui/mb/converter/JJTeststepexecutionConverter.java
/home/sirine/workspace/janjoon/janjoon-ui/src/main/java/com/funder/janjoonweb/ui/mb/JJRightBean_Roo_ManagedBean.aj
/home/sirine/workspace/janjoon/janjoon-ui/src/main/java/com/funder/janjoonweb/ui/mb/JJBuildBean_Roo_Serializable.aj
/home/sirine/workspace/janjoon/janjoon-ui/src/main/java/com/funder/janjoonweb/ui/mb/JJPermissionBean.java
/home/sirine/workspace/janjoon/janjoon-ui/src/main/java/com/funder/janjoonweb/ui/mb/converter/JJCategoryConverter_Roo_Converter.aj
/home/sirine/workspace/janjoon/janjoon-ui/src/main/java/com/funder/janjoonweb/ui/mb/JJProjectBean.java
/home/sirine/workspace/janjoon/janjoon-ui/src/main/java/com/funder/janjoonweb/ui/mb/JJContactBean_Roo_Configurable.aj
/home/sirine/workspace/janjoon/janjoon-ui/src/main/java/com/funder/janjoonweb/ui/mb/converter/JJChapterConverter_Roo_Converter.aj
/home/sirine/workspace/janjoon/janjoon-ui/src/main/java/com/funder/janjoonweb/ui/mb/JJTeststepBean.java
/home/sirine/workspace/janjoon/janjoon-ui/src/main/java/com/funder/janjoonweb/ui/mb/JJTeststepexecutionBean_Roo_Configurable.aj
/home/sirine/workspace/janjoon/janjoon-ui/src/main/java/org/primefaces/examples/view/RessourceAutoCompleteBean.java
/home/sirine/workspace/janjoon/janjoon-ui/src/main/java/com/funder/janjoonweb/ui/mb/converter/JJCriticityConverter_Roo_Configurable.aj
/home/sirine/workspace/janjoon/janjoon-ui/src/main/java/org/primefaces/examples/view/CalendarBean.java
/home/sirine/workspace/janjoon/janjoon-ui/src/main/java/com/funder/janjoonweb/ui/mb/JJCategoryBean_Roo_Configurable.aj
/home/sirine/workspace/janjoon/janjoon-ui/src/main/java/com/funder/janjoonweb/ui/mb/JJTaskBean_Roo_Serializable.aj
/home/sirine/workspace/janjoon/janjoon-ui/src/main/java/com/funder/janjoonweb/ui/mb/JJContactBean_Roo_Serializable.aj
/home/sirine/workspace/janjoon/janjoon-ui/src/main/java/com/funder/janjoonweb/ui/mb/JJTestcaseBean_Roo_Serializable.aj
/home/sirine/workspace/janjoon/janjoon-ui/src/main/java/com/funder/janjoonweb/ui/mb/JJBuildBean_Roo_ManagedBean.aj
/home/sirine/workspace/janjoon/janjoon-ui/src/main/java/com/funder/janjoonweb/ui/mb/JJMessageBean.java
/home/sirine/workspace/janjoon/janjoon-ui/src/main/java/com/funder/janjoonweb/ui/mb/converter/JJTaskConverter_Roo_Converter.aj
/home/sirine/workspace/janjoon/janjoon-ui/src/main/java/com/funder/janjoonweb/ui/mb/converter/JJPermissionConverter_Roo_Configurable.aj
/home/sirine/workspace/janjoon/janjoon-ui/src/main/java/com/funder/janjoonweb/ui/mb/converter/JJBuildConverter_Roo_Configurable.aj
/home/sirine/workspace/janjoon/janjoon-ui/src/main/java/com/funder/janjoonweb/ui/mb/JJSoftwareBean_Roo_Serializable.aj
/home/sirine/workspace/janjoon/janjoon-ui/src/main/java/com/funder/janjoonweb/ui/mb/converter/JJPermissionConverter_Roo_Converter.aj
/home/sirine/workspace/janjoon/janjoon-ui/src/main/java/com/funder/janjoonweb/ui/mb/JJBugBean_Roo_Configurable.aj
/home/sirine/workspace/janjoon/janjoon-ui/src/main/java/com/funder/janjoonweb/ui/mb/JJCategoryBean_Roo_Serializable.aj
/home/sirine/workspace/janjoon/janjoon-ui/src/main/java/com/funder/janjoonweb/ui/mb/converter/JJPhaseConverter.java
/home/sirine/workspace/janjoon/janjoon-ui/src/main/java/com/funder/janjoonweb/ui/mb/JJBugBean.java
/home/sirine/workspace/janjoon/janjoon-ui/src/main/java/org/primefaces/examples/view/TableBean.java
/home/sirine/workspace/janjoon/janjoon-ui/src/main/java/com/funder/janjoonweb/ui/mb/JJChapterBean.java
/home/sirine/workspace/janjoon/janjoon-ui/src/main/java/com/funder/janjoonweb/ui/mb/JJConfigurationBean_Roo_Serializable.aj
/home/sirine/workspace/janjoon/janjoon-ui/src/main/java/com/funder/janjoonweb/ui/mb/converter/JJSoftwareConverter.java
/home/sirine/workspace/janjoon/janjoon-ui/src/main/java/com/funder/janjoonweb/ui/mb/converter/JJSprintConverter.java
/home/sirine/workspace/janjoon/janjoon-ui/src/main/java/com/funder/janjoonweb/ui/mb/JJTeststepBean_Roo_ManagedBean.aj
/home/sirine/workspace/janjoon/janjoon-ui/src/main/java/com/funder/janjoonweb/ui/mb/converter/JJTeststepConverter_Roo_Configurable.aj
/home/sirine/workspace/janjoon/janjoon-ui/src/main/java/com/primefaces/sample/UserManagedBean.java
/home/sirine/workspace/janjoon/janjoon-ui/src/main/java/com/funder/janjoonweb/ui/mb/converter/JJStatusConverter_Roo_Configurable.aj
/home/sirine/workspace/janjoon/janjoon-ui/src/main/java/com/funder/janjoonweb/ui/mb/JJProductBean_Roo_ManagedBean.aj
/home/sirine/workspace/janjoon/janjoon-ui/src/main/java/org/primefaces/examples/domain/Bug.java
/home/sirine/workspace/janjoon/janjoon-ui/src/main/java/com/funder/janjoonweb/ui/mb/JJHardwareBean_Roo_Serializable.aj
/home/sirine/workspace/janjoon/janjoon-ui/src/main/java/com/primefaces/sample/UserService.java
/home/sirine/workspace/janjoon/janjoon-ui/src/main/java/com/funder/janjoonweb/ui/mb/JJSoftwareBean_Roo_Configurable.aj
/home/sirine/workspace/janjoon/janjoon-ui/src/main/java/com/funder/janjoonweb/ui/mb/JJCriticityBean_Roo_ManagedBean.aj
/home/sirine/workspace/janjoon/janjoon-ui/src/main/java/com/funder/janjoonweb/ui/mb/converter/JJContactConverter.java
/home/sirine/workspace/janjoon/janjoon-ui/src/main/java/com/funder/janjoonweb/ui/mb/JJVersionBean_Roo_ManagedBean.aj
/home/sirine/workspace/janjoon/janjoon-ui/src/main/java/com/funder/janjoonweb/ui/mb/JJProductBean_Roo_Serializable.aj
/home/sirine/workspace/janjoon/janjoon-ui/src/main/java/com/funder/janjoonweb/ui/mb/JJPermissionBean_Roo_ManagedBean.aj
/home/sirine/workspace/janjoon/janjoon-ui/src/main/java/com/funder/janjoonweb/ui/mb/JJMessageBean_Roo_ManagedBean.aj
/home/sirine/workspace/janjoon/janjoon-ui/src/main/java/com/funder/janjoonweb/ui/mb/JJVersionBean.java
/home/sirine/workspace/janjoon/janjoon-ui/src/main/java/org/primefaces/examples/view/InplaceBean.java
/home/sirine/workspace/janjoon/janjoon-ui/src/main/java/com/funder/janjoonweb/ui/mb/converter/JJProductConverter.java
/home/sirine/workspace/janjoon/janjoon-ui/src/main/java/com/funder/janjoonweb/ui/mb/JJSprintBean_Roo_Serializable.aj
/home/sirine/workspace/janjoon/janjoon-ui/src/main/java/com/funder/janjoonweb/ui/mb/JJCriticityBean_Roo_Configurable.aj
/home/sirine/workspace/janjoon/janjoon-ui/src/main/java/org/primefaces/examples/view/BugBean.java
/home/sirine/workspace/janjoon/janjoon-ui/src/main/java/com/funder/janjoonweb/ui/mb/converter/JJRightConverter_Roo_Converter.aj
/home/sirine/workspace/janjoon/janjoon-ui/src/main/java/com/funder/janjoonweb/ui/mb/converter/JJProductConverter_Roo_Configurable.aj
/home/sirine/workspace/janjoon/janjoon-ui/src/main/java/com/funder/janjoonweb/ui/mb/JJRequirementBean_Roo_ManagedBean.aj
/home/sirine/workspace/janjoon/janjoon-ui/src/main/java/com/funder/janjoonweb/ui/mb/JJTestcaseBean.java
/home/sirine/workspace/janjoon/janjoon-ui/src/main/java/com/funder/janjoonweb/ui/mb/converter/JJBugConverter.java
/home/sirine/workspace/janjoon/janjoon-ui/src/main/java/com/funder/janjoonweb/ui/mb/JJTaskBean.java
/home/sirine/workspace/janjoon/janjoon-ui/src/main/java/com/funder/janjoonweb/ui/mb/JJStatusBean_Roo_Serializable.aj
/home/sirine/workspace/janjoon/janjoon-ui/src/main/java/com/funder/janjoonweb/ui/mb/converter/JJTeststepexecutionConverter_Roo_Converter.aj
/home/sirine/workspace/janjoon/janjoon-ui/src/main/java/com/funder/janjoonweb/ui/mb/JJBugBean_Roo_ManagedBean.aj
/home/sirine/workspace/janjoon/janjoon-ui/src/main/java/com/funder/janjoonweb/ui/mb/converter/JJProjectConverter_Roo_Converter.aj
/home/sirine/workspace/janjoon/janjoon-ui/src/main/java/com/funder/janjoonweb/ui/mb/JJSoftwareBean_Roo_ManagedBean.aj
/home/sirine/workspace/janjoon/janjoon-ui/src/main/java/com/funder/janjoonweb/ui/mb/JJPhaseBean.java
/home/sirine/workspace/janjoon/janjoon-ui/src/main/java/com/funder/janjoonweb/ui/mb/JJHardwareBean_Roo_Configurable.aj
/home/sirine/workspace/janjoon/janjoon-ui/src/main/java/com/funder/janjoonweb/ui/mb/converter/JJTeststepexecutionConverter_Roo_Configurable.aj
/home/sirine/workspace/janjoon/janjoon-ui/src/main/java/com/funder/janjoonweb/ui/mb/JJCategoryBean_Roo_ManagedBean.aj
/home/sirine/workspace/janjoon/janjoon-ui/src/main/java/com/funder/janjoonweb/ui/mb/JJProjectBean_Roo_Serializable.aj
/home/sirine/workspace/janjoon/janjoon-ui/src/main/java/com/funder/janjoonweb/ui/mb/converter/JJContactConverter_Roo_Converter.aj
/home/sirine/workspace/janjoon/janjoon-ui/src/main/java/com/primefaces/sample/User.java
/home/sirine/workspace/janjoon/janjoon-ui/src/main/java/com/funder/janjoonweb/ui/mb/converter/JJJobConverter_Roo_Configurable.aj
/home/sirine/workspace/janjoon/janjoon-ui/src/main/java/com/funder/janjoonweb/ui/mb/JJProjectBean_Roo_Configurable.aj
/home/sirine/workspace/janjoon/janjoon-ui/src/main/java/com/funder/janjoonweb/ui/mb/JJProfileBean_Roo_Serializable.aj
/home/sirine/workspace/janjoon/janjoon-ui/src/main/java/com/funder/janjoonweb/ui/mb/converter/JJCategoryConverter_Roo_Configurable.aj
/home/sirine/workspace/janjoon/janjoon-ui/src/main/java/com/funder/janjoonweb/ui/mb/converter/JJStatusConverter_Roo_Converter.aj
/home/sirine/workspace/janjoon/janjoon-ui/src/main/java/com/funder/janjoonweb/ui/mb/converter/JJBugConverter_Roo_Configurable.aj
/home/sirine/workspace/janjoon/janjoon-ui/src/main/java/com/funder/janjoonweb/ui/mb/converter/JJHardwareConverter_Roo_Converter.aj
/home/sirine/workspace/janjoon/janjoon-ui/src/main/java/com/funder/janjoonweb/ui/mb/JJJobBean_Roo_Configurable.aj
/home/sirine/workspace/janjoon/janjoon-ui/src/main/java/com/funder/janjoonweb/ui/mb/JJImportanceBean.java
/home/sirine/workspace/janjoon/janjoon-ui/src/main/java/com/funder/janjoonweb/ui/mb/converter/JJProjectConverter_Roo_Configurable.aj
/home/sirine/workspace/janjoon/janjoon-ui/src/main/java/com/funder/janjoonweb/ui/mb/JJChapterBean_Roo_ManagedBean.aj
/home/sirine/workspace/janjoon/janjoon-ui/src/main/java/com/funder/janjoonweb/ui/mb/converter/JJImportanceConverter.java
/home/sirine/workspace/janjoon/janjoon-ui/src/main/java/com/funder/janjoonweb/ui/mb/converter/JJConfigurationConverter_Roo_Converter.aj
/home/sirine/workspace/janjoon/janjoon-ui/src/main/java/com/funder/janjoonweb/ui/mb/util/LoginController.java
/home/sirine/workspace/janjoon/janjoon-ui/src/main/java/com/funder/janjoonweb/ui/mb/util/ViewExpiredExceptionExceptionHandler.java
/home/sirine/workspace/janjoon/janjoon-ui/src/main/java/com/funder/janjoonweb/ui/mb/converter/JJTestcaseConverter_Roo_Converter.aj
/home/sirine/workspace/janjoon/janjoon-ui/src/main/java/com/funder/janjoonweb/ui/mb/JJProjectBean_Roo_ManagedBean.aj
/home/sirine/workspace/janjoon/janjoon-ui/src/main/java/org/primefaces/examples/view/PlayerConverter.java
/home/sirine/workspace/janjoon/janjoon-ui/src/main/java/com/funder/janjoonweb/ui/mb/converter/JJSprintConverter_Roo_Configurable.aj
/home/sirine/workspace/janjoon/janjoon-ui/src/main/java/com/funder/janjoonweb/ui/mb/JJTestcaseBean_Roo_Configurable.aj
/home/sirine/workspace/janjoon/janjoon-ui/src/main/java/com/funder/janjoonweb/ui/mb/converter/JJTeststepConverter_Roo_Converter.aj
/home/sirine/workspace/janjoon/janjoon-ui/src/main/java/com/funder/janjoonweb/ui/mb/JJCategoryBean.java
/home/sirine/workspace/janjoon/janjoon-ui/src/main/java/com/funder/janjoonweb/ui/mb/JJJobBean_Roo_ManagedBean.aj
/home/sirine/workspace/janjoon/janjoon-ui/src/main/java/com/funder/janjoonweb/ui/mb/converter/JJStatusConverter.java
/home/sirine/workspace/janjoon/janjoon-ui/src/main/java/com/funder/janjoonweb/ui/mb/converter/JJMessageConverter_Roo_Converter.aj
/home/sirine/workspace/janjoon/janjoon-ui/src/main/java/com/funder/janjoonweb/ui/mb/JJChapterBean_Roo_Serializable.aj
/home/sirine/workspace/janjoon/janjoon-ui/src/main/java/com/funder/janjoonweb/ui/mb/JJCriticityBean_Roo_Serializable.aj
/home/sirine/workspace/janjoon/janjoon-ui/src/main/java/com/funder/janjoonweb/ui/mb/converter/JJHardwareConverter_Roo_Configurable.aj
/home/sirine/workspace/janjoon/janjoon-ui/src/main/java/com/funder/janjoonweb/ui/mb/JJPhaseBean_Roo_Configurable.aj
/home/sirine/workspace/janjoon/janjoon-ui/src/main/java/com/funder/janjoonweb/ui/mb/converter/JJTeststepConverter.java
/home/sirine/workspace/janjoon/janjoon-ui/src/main/java/com/funder/janjoonweb/ui/mb/JJTestcaseexecutionBean_Roo_Configurable.aj
/home/sirine/workspace/janjoon/janjoon-ui/src/main/java/com/funder/janjoonweb/ui/mb/JJImportanceBean_Roo_Serializable.aj
/home/sirine/workspace/janjoon/janjoon-ui/src/main/java/com/funder/janjoonweb/ui/mb/converter/JJTaskConverter_Roo_Configurable.aj
/home/sirine/workspace/janjoon/janjoon-ui/src/main/java/com/funder/janjoonweb/ui/mb/converter/JJVersionConverter.java
/home/sirine/workspace/janjoon/janjoon-ui/src/main/java/org/primefaces/examples/view/PlanBean.java
/home/sirine/workspace/janjoon/janjoon-ui/src/main/java/com/funder/janjoonweb/ui/mb/converter/JJTaskConverter.java
/home/sirine/workspace/janjoon/janjoon-ui/src/main/java/com/funder/janjoonweb/ui/mb/JJProfileBean_Roo_ManagedBean.aj
/home/sirine/workspace/janjoon/janjoon-ui/src/main/java/com/funder/janjoonweb/ui/mb/JJVersionBean_Roo_Configurable.aj
/home/sirine/workspace/janjoon/janjoon-ui/src/main/java/com/funder/janjoonweb/ui/mb/JJConfigurationBean.java
/home/sirine/workspace/janjoon/janjoon-ui/src/main/java/com/funder/janjoonweb/ui/mb/converter/JJCriticityConverter_Roo_Converter.aj
/home/sirine/workspace/janjoon/janjoon-ui/src/main/java/org/primefaces/examples/domain/Project.java
/home/sirine/workspace/janjoon/janjoon-ui/src/main/java/com/funder/janjoonweb/ui/mb/JJVersionBean_Roo_Serializable.aj
/home/sirine/workspace/janjoon/janjoon-ui/src/main/java/com/funder/janjoonweb/ui/mb/JJStatusBean_Roo_Configurable.aj
/home/sirine/workspace/janjoon/janjoon-ui/src/main/java/com/funder/janjoonweb/ui/mb/converter/JJHardwareConverter.java
/home/sirine/workspace/janjoon/janjoon-ui/src/main/java/com/funder/janjoonweb/ui/mb/converter/JJCriticityConverter.java
/home/sirine/workspace/janjoon/janjoon-ui/src/main/java/com/funder/janjoonweb/ui/mb/converter/JJContactConverter_Roo_Configurable.aj
/home/sirine/workspace/janjoon/janjoon-ui/src/main/java/com/funder/janjoonweb/ui/mb/converter/JJRequirementConverter_Roo_Configurable.aj
/home/sirine/workspace/janjoon/janjoon-ui/src/main/java/org/primefaces/examples/view/ProjectAutoCompleteBean.java
/home/sirine/workspace/janjoon/janjoon-ui/src/main/java/org/primefaces/examples/view/ButtonBean.java
/home/sirine/workspace/janjoon/janjoon-ui/src/main/java/com/funder/janjoonweb/ui/mb/converter/JJVersionConverter_Roo_Converter.aj
/home/sirine/workspace/janjoon/janjoon-ui/src/main/java/com/funder/janjoonweb/ui/mb/JJTeststepexecutionBean_Roo_Serializable.aj
/home/sirine/workspace/janjoon/janjoon-ui/src/main/java/com/funder/janjoonweb/ui/mb/converter/JJTestcaseConverter_Roo_Configurable.aj
/home/sirine/workspace/janjoon/janjoon-ui/src/main/java/com/funder/janjoonweb/ui/mb/JJContactBean_Roo_ManagedBean.aj
/home/sirine/workspace/janjoon/janjoon-ui/src/main/java/com/funder/janjoonweb/ui/mb/converter/JJConfigurationConverter_Roo_Configurable.aj
/home/sirine/workspace/janjoon/janjoon-ui/src/main/java/com/funder/janjoonweb/ui/mb/converter/JJProjectConverter.java
/home/sirine/workspace/janjoon/janjoon-ui/src/main/java/com/funder/janjoonweb/ui/mb/converter/JJRightConverter_Roo_Configurable.aj
/home/sirine/workspace/janjoon/janjoon-ui/src/main/java/com/funder/janjoonweb/ui/mb/converter/JJProfileConverter.java
/home/sirine/workspace/janjoon/janjoon-ui/src/main/java/com/funder/janjoonweb/ui/mb/JJRequirementBean_Roo_Serializable.aj
/home/sirine/workspace/janjoon/janjoon-ui/src/main/java/com/funder/janjoonweb/ui/mb/JJBuildBean_Roo_Configurable.aj
/home/sirine/workspace/janjoon/janjoon-ui/src/main/java/com/funder/janjoonweb/ui/mb/util/MessageFactory.java
/home/sirine/workspace/janjoon/janjoon-ui/src/main/java/com/funder/janjoonweb/ui/mb/converter/JJProfileConverter_Roo_Converter.aj
/home/sirine/workspace/janjoon/janjoon-ui/src/main/java/com/funder/janjoonweb/ui/mb/JJMessageBean_Roo_Serializable.aj
/home/sirine/workspace/janjoon/janjoon-ui/src/main/java/com/funder/janjoonweb/ui/mb/converter/JJBuildConverter.java
/home/sirine/workspace/janjoon/janjoon-ui/src/main/java/com/funder/janjoonweb/ui/mb/converter/JJTestcaseexecutionConverter.java
/home/sirine/workspace/janjoon/janjoon-ui/src/main/java/com/funder/janjoonweb/ui/mb/converter/JJCategoryConverter.java
/home/sirine/workspace/janjoon/janjoon-ui/src/main/java/com/funder/janjoonweb/ui/mb/JJJobBean.java
/home/sirine/workspace/janjoon/janjoon-ui/src/main/java/com/funder/janjoonweb/ui/mb/converter/JJChapterConverter_Roo_Configurable.aj
/home/sirine/workspace/janjoon/janjoon-ui/src/main/java/com/funder/janjoonweb/ui/mb/JJSprintBean_Roo_Configurable.aj
/home/sirine/workspace/janjoon/janjoon-ui/src/main/java/com/funder/janjoonweb/ui/mb/JJRequirementBean_Roo_Configurable.aj
/home/sirine/workspace/janjoon/janjoon-ui/src/main/java/com/funder/janjoonweb/ui/mb/JJChapterBean_Roo_Configurable.aj
/home/sirine/workspace/janjoon/janjoon-ui/src/main/java/com/funder/janjoonweb/ui/mb/JJTestcaseexecutionBean_Roo_Serializable.aj
/home/sirine/workspace/janjoon/janjoon-ui/src/main/java/com/funder/janjoonweb/ui/mb/converter/JJProductConverter_Roo_Converter.aj
/home/sirine/workspace/janjoon/janjoon-ui/src/main/java/com/funder/janjoonweb/ui/mb/converter/JJSprintConverter_Roo_Converter.aj
/home/sirine/workspace/janjoon/janjoon-ui/src/main/java/com/funder/janjoonweb/ui/mb/converter/JJVersionConverter_Roo_Configurable.aj
/home/sirine/workspace/janjoon/janjoon-ui/src/main/java/com/funder/janjoonweb/ui/mb/JJStatusBean.java
/home/sirine/workspace/janjoon/janjoon-ui/src/main/java/com/funder/janjoonweb/ui/mb/JJTestcaseexecutionBean.java
/home/sirine/workspace/janjoon/janjoon-ui/src/main/java/com/funder/janjoonweb/ui/mb/JJSprintBean.java
/home/sirine/workspace/janjoon/janjoon-ui/src/main/java/org/primefaces/examples/domain/Player.java
/home/sirine/workspace/janjoon/janjoon-ui/src/main/java/org/primefaces/examples/view/ChartBean.java
/home/sirine/workspace/janjoon/janjoon-ui/src/main/java/com/funder/janjoonweb/ui/mb/converter/JJTestcaseexecutionConverter_Roo_Converter.aj
/home/sirine/workspace/janjoon/janjoon-ui/src/main/java/com/funder/janjoonweb/ui/mb/converter/JJTestcaseConverter.java
/home/sirine/workspace/janjoon/janjoon-ui/src/main/java/org/primefaces/examples/view/ReqBusinessBean.java
/home/sirine/workspace/janjoon/janjoon-ui/src/main/java/com/funder/janjoonweb/ui/mb/JJMessageBean_Roo_Configurable.aj
/home/sirine/workspace/janjoon/janjoon-ui/src/main/java/org/primefaces/examples/view/DocumentsController.java
/home/sirine/workspace/janjoon/janjoon-ui/src/main/java/org/primefaces/examples/view/EditorBean.java
/home/sirine/workspace/janjoon/janjoon-ui/src/main/java/com/funder/janjoonweb/ui/mb/JJTestcaseexecutionBean_Roo_ManagedBean.aj
/home/sirine/workspace/janjoon/janjoon-ui/src/main/java/com/funder/janjoonweb/ui/mb/JJProductBean.java
